0 info it worked if it ends with ok
1 verbose cli [ '/home/juicebox/.nvm/versions/node/v6.11.3/bin/node',
1 verbose cli   '/home/juicebox/.nvm/versions/node/v6.11.3/bin/npm',
1 verbose cli   'run',
1 verbose cli   'strat' ]
2 info using npm@3.10.10
3 info using node@v6.11.3
4 verbose stack Error: missing script: strat
4 verbose stack     at run (/home/juicebox/.nvm/versions/node/v6.11.3/lib/node_modules/npm/lib/run-script.js:151:19)
4 verbose stack     at /home/juicebox/.nvm/versions/node/v6.11.3/lib/node_modules/npm/lib/run-script.js:61:5
4 verbose stack     at /home/juicebox/.nvm/versions/node/v6.11.3/lib/node_modules/npm/node_modules/read-package-json/read-json.js:356:5
4 verbose stack     at checkBinReferences_ (/home/juicebox/.nvm/versions/node/v6.11.3/lib/node_modules/npm/node_modules/read-package-json/read-json.js:320:45)
4 verbose stack     at final (/home/juicebox/.nvm/versions/node/v6.11.3/lib/node_modules/npm/node_modules/read-package-json/read-json.js:354:3)
4 verbose stack     at then (/home/juicebox/.nvm/versions/node/v6.11.3/lib/node_modules/npm/node_modules/read-package-json/read-json.js:124:5)
4 verbose stack     at ReadFileContext.<anonymous> (/home/juicebox/.nvm/versions/node/v6.11.3/lib/node_modules/npm/node_modules/read-package-json/read-json.js:295:20)
4 verbose stack     at ReadFileContext.callback (/home/juicebox/.nvm/versions/node/v6.11.3/lib/node_modules/npm/node_modules/graceful-fs/graceful-fs.js:78:16)
4 verbose stack     at FSReqWrap.readFileAfterOpen [as oncomplete] (fs.js:367:13)
5 verbose cwd /home/juicebox/payroll
6 error Linux 3.16.0-37-generic
7 error argv "/home/juicebox/.nvm/versions/node/v6.11.3/bin/node" "/home/juicebox/.nvm/versions/node/v6.11.3/bin/npm" "run" "strat"
8 error node v6.11.3
9 error npm  v3.10.10
10 error missing script: strat
11 error If you need help, you may report this error at:
11 error     <https://github.com/npm/npm/issues>
12 verbose exit [ 1, true ]
